<?xml version="1.0" encoding="UTF-8"?>
<!DOCTYPE book PUBLIC "-//OASIS//DTD DocBook XML V4.5//EN"
                      "http://docbook.org/xml/4.5/docbookx.dtd">
<book id="foo">
  <bookinfo>
    <title>Book Template Title</title>
    <author>
      <firstname>Author First Name</firstname>
      <surname>Author Last Name</surname>
    </author>
  </bookinfo>

  <article>
    <title></title>
    <articleinfo>
      <author>
        <firstname>Wilber</firstname>
        <surname>Gimp</surname>
      </author>
    </articleinfo>
    <para>Fooooo</para>
  </article>

  <!-- ******** -->
  <chapter>
    <title>Introduction</title>
    <abstract>
      <para>fooo foooo</para>
    </abstract>
    <para>bla bla bla</para>
  </chapter>

  <!-- ########## -->
  <chapter id="rainy">
    <chapterinfo>
      <author>
        <firstname>Tux</firstname>
        <surname>Penguin</surname>
      </author>
    </chapterinfo>
    <title>Rainy Day</title>
    <abstract>
      <para>The quick brown fox.</para>
    </abstract>
    <!-- Hallo -->
    <screen>a &lt; b</screen>
    <para>Jumps over the lazy dog.</para>
    <!-- Welt -->
    <?dbfoo?>
    <para>Hipp, hipp, hurra!</para>
  </chapter>
</book>
